<?xml version="1.0" encoding="UTF-8"?>
<testsuite xmlns:xsi="http://www.w3.org/2001/XMLSchema-instance" xsi:noNamespaceSchemaLocation="https://maven.apache.org/surefire/maven-surefire-plugin/xsd/surefire-test-report.xsd" version="3.0.2" name="com.consentshield.sdk.ConsentShieldClientBuilderTest" time="0.061" tests="5" errors="0" skipped="0" failures="0">
  <properties>
[...]
</properties>
  <testcase name="rejectsNullApiKey" classname="com.consentshield.sdk.ConsentShieldClientBuilderTest" time="0.003"/>
  <testcase name="buildsWithDefaults" classname="com.consentshield.sdk.ConsentShieldClientBuilderTest" time="0.053"/>
  <testcase name="trimsTrailingSlashFromBaseUrl" classname="com.consentshield.sdk.ConsentShieldClientBuilderTest" time="0.001"/>
  <testcase name="rejectsApiKeyWithoutPrefix" classname="com.consentshield.sdk.ConsentShieldClientBuilderTest" time="0.001"/>
  <testcase name="explicitFailOpenWinsOverEnv" classname="com.consentshield.sdk.ConsentShieldClientBuilderTest" time="0.001"/>
</testsuite>